2024-10-10T07:52:32+00:00 DEBUG <------------------- WebToffee Stripe Payment ( Rentora - Charge - Order #1982 ) ------------------->
stdClass Object
(
    [id] => ch_3Q8HAgJAyyZXevqD1Umk6hyU
    [amount] => 2220
    [amount_refunded] => 0
    [currency] => AUD
    [order_amount] => 2220.00
    [order_currency] => AUD
    [captured] => Captured
    [transaction_id] => txn_3Q8HAgJAyyZXevqD1BooqfXj
    [mode] => Test
    [metadata] => stdClass Object
        (
            [Agent] => Mozilla/5.0 (Macintosh; Intel Mac OS X 10_15_7) AppleWebKit/537.36 (KHTML, like Gecko) Chrome/129.0.0.0 Safari/537.36
            [Billing Email] => waleed@waleed.com
            [Customer IP] => 139.135.34.192
            [Products] => Drones - Yellow, Small | Speakers - Blue
            [Referer] => https://rentora.com.au/checkout/
            [Total Shipping] => 20
            [Total Tax] => 0
            [WP customer #] => 22
            [order_id] => 1982
        )

    [created] => 2024-10-10 07:52:31
    [paid] => Paid
    [receiptemail] => Receipt not send
    [receiptnumber] => No Receipt Number
    [source_type] => visa( credit )
    [status] => succeeded
    [origin_time] => 2024-10-10 07:52:31
)
2024-10-10T09:49:02+00:00 DEBUG <------------------- WebToffee Stripe Payment ( Rentora - Charge - Order #1984 ) ------------------->
stdClass Object
(
    [id] => ch_3Q8IzQJAyyZXevqD0MLT41li
    [amount] => 4800
    [amount_refunded] => 0
    [currency] => AUD
    [order_amount] => 4800.00
    [order_currency] => AUD
    [captured] => Captured
    [transaction_id] => txn_3Q8IzQJAyyZXevqD0UegAeZQ
    [mode] => Test
    [metadata] => stdClass Object
        (
            [Agent] => Mozilla/5.0 (Windows NT 10.0; Win64; x64; rv:131.0) Gecko/20100101 Firefox/131.0
            [Billing Email] => hammaddiligent@gmail.com
            [Customer IP] => 139.135.34.192
            [Products] => Camera - Blue, Large
            [Referer] => https://rentora.com.au/checkout/
            [Total Shipping] => 0
            [Total Tax] => 0
            [WP customer #] => 24
            [order_id] => 1984
        )

    [created] => 2024-10-10 09:49:00
    [paid] => Paid
    [receiptemail] => Receipt not send
    [receiptnumber] => No Receipt Number
    [source_type] => visa( credit )
    [status] => succeeded
    [origin_time] => 2024-10-10 09:49:01
)
2024-10-10T09:59:17+00:00 DEBUG <------------------- WebToffee Stripe Payment ( Rentora - Charge - Order #1986 ) ------------------->
stdClass Object
(
    [id] => ch_3Q8J9MJAyyZXevqD0q2Owbxe
    [amount] => 4000
    [amount_refunded] => 0
    [currency] => AUD
    [order_amount] => 4000.00
    [order_currency] => AUD
    [captured] => Captured
    [transaction_id] => txn_3Q8J9MJAyyZXevqD0SHjt1KJ
    [mode] => Test
    [metadata] => stdClass Object
        (
            [Agent] => Mozilla/5.0 (Windows NT 10.0; Win64; x64) AppleWebKit/537.36 (KHTML, like Gecko) Chrome/129.0.0.0 Safari/537.36
            [Billing Email] => hammaddiligent@gmail.com
            [Customer IP] => 139.135.34.192
            [Products] => Food Mixer - Large
            [Referer] => https://rentora.com.au/checkout/
            [Total Shipping] => 0
            [Total Tax] => 0
            [WP customer #] => 25
            [order_id] => 1986
        )

    [created] => 2024-10-10 09:59:16
    [paid] => Paid
    [receiptemail] => Receipt not send
    [receiptnumber] => No Receipt Number
    [source_type] => visa( credit )
    [status] => succeeded
    [origin_time] => 2024-10-10 09:59:17
)
